2021-06-01 10:08:53,008 [Worker-2: Loading available Gradle versions] INFO  o.e.b.c.i.u.g.PublishedGradleVersions - Gradle version information cache is up-to-date. Trying to read.
2021-06-01 10:15:08,213 [Worker-23: Building] INFO  o.e.m.c.i.l.LifecycleMappingFactory - Using org.eclipse.m2e.jdt.JarLifecycleMapping lifecycle mapping for MavenProject: org.xtext.asmetal:org.xtext.asmetal:1.0.0-SNAPSHOT @ C:\Users\FavioQuinteros\Documents\GitHub\Quinteros-WebEditor\org.xtext.asmetal.parent\org.xtext.asmetal\pom.xml.
2021-06-01 10:15:20,713 [Worker-23: Building] INFO  o.e.m.c.i.embedder.EclipseLogger - Using 'windows-1252' encoding to copy filtered resources.
2021-06-01 10:15:20,720 [Worker-23: Building] INFO  o.e.m.c.i.embedder.EclipseLogger - Copying 0 resource
2021-06-01 10:15:20,724 [Worker-23: Building] INFO  o.e.m.c.i.embedder.EclipseLogger - Using 'windows-1252' encoding to copy filtered resources.
2021-06-01 10:15:20,725 [Worker-23: Building] INFO  o.e.m.c.i.embedder.EclipseLogger - Copying 0 resource
2021-06-01 10:15:21,449 [Worker-27: Updating Maven Dependencies] INFO  o.e.m.c.i.l.LifecycleMappingFactory - Using org.eclipse.m2e.jdt.JarLifecycleMapping lifecycle mapping for MavenProject: org.xtext.asmetal:org.xtext.asmetal:1.0.0-SNAPSHOT @ C:\Users\FavioQuinteros\Documents\GitHub\Quinteros-WebEditor\org.xtext.asmetal.parent\org.xtext.asmetal\pom.xml.
2021-06-01 10:15:23,791 [Worker-24: Building] INFO  o.e.m.c.i.embedder.EclipseLogger - Using 'windows-1252' encoding to copy filtered resources.
2021-06-01 10:15:23,793 [Worker-24: Building] INFO  o.e.m.c.i.embedder.EclipseLogger - Copying 0 resource
2021-06-01 10:15:23,794 [Worker-24: Building] INFO  o.e.m.c.i.embedder.EclipseLogger - Using 'windows-1252' encoding to copy filtered resources.
2021-06-01 10:15:23,795 [Worker-24: Building] INFO  o.e.m.c.i.embedder.EclipseLogger - Copying 0 resource
2021-06-01 10:15:37,720 [Worker-24: Building] INFO  o.e.m.c.i.embedder.EclipseLogger - Using 'windows-1252' encoding to copy filtered resources.
2021-06-01 10:15:37,720 [Worker-24: Building] INFO  o.e.m.c.i.embedder.EclipseLogger - Copying 0 resource
2021-06-01 10:15:37,721 [Worker-24: Building] INFO  o.e.m.c.i.embedder.EclipseLogger - Using 'windows-1252' encoding to copy filtered resources.
2021-06-01 10:15:37,722 [Worker-24: Building] INFO  o.e.m.c.i.embedder.EclipseLogger - Copying 0 resource
2021-06-01 10:15:41,797 [Worker-27: Building] INFO  o.e.m.c.i.embedder.EclipseLogger - Using 'windows-1252' encoding to copy filtered resources.
2021-06-01 10:15:41,800 [Worker-27: Building] INFO  o.e.m.c.i.embedder.EclipseLogger - Copying 0 resource
2021-06-01 10:15:41,805 [Worker-27: Building] INFO  o.e.m.c.i.embedder.EclipseLogger - Using 'windows-1252' encoding to copy filtered resources.
2021-06-01 10:15:41,806 [Worker-27: Building] INFO  o.e.m.c.i.embedder.EclipseLogger - Copying 0 resource
2021-06-01 10:15:52,056 [Worker-21: Building] INFO  o.e.m.c.i.embedder.EclipseLogger - Using 'windows-1252' encoding to copy filtered resources.
2021-06-01 10:15:52,092 [Worker-21: Building] INFO  o.e.m.c.i.embedder.EclipseLogger - Copying 0 resource
2021-06-01 10:15:52,097 [Worker-21: Building] INFO  o.e.m.c.i.embedder.EclipseLogger - Using 'windows-1252' encoding to copy filtered resources.
2021-06-01 10:15:52,099 [Worker-21: Building] INFO  o.e.m.c.i.embedder.EclipseLogger - Copying 0 resource
2021-06-01 10:15:52,837 [Worker-21: Building] INFO  o.e.m.c.i.l.LifecycleMappingFactory - Using org.eclipse.m2e.jdt.JarLifecycleMapping lifecycle mapping for MavenProject: org.xtext.asmetal:org.xtext.asmetal.ide:1.0.0-SNAPSHOT @ C:\Users\FavioQuinteros\Documents\GitHub\Quinteros-WebEditor\org.xtext.asmetal.parent\org.xtext.asmetal.ide\pom.xml.
2021-06-01 10:15:53,489 [Worker-21: Building] INFO  o.e.m.c.i.p.WorkspaceClassifierResolverManager - Resolving P/org.xtext.asmetal: org.xtext.asmetal:org.xtext.asmetal:1.0.0-SNAPSHOT with classifier  to /org.xtext.asmetal/target/classes
2021-06-01 10:15:54,266 [Worker-21: Building] INFO  o.e.m.c.i.embedder.EclipseLogger - Using 'windows-1252' encoding to copy filtered resources.
2021-06-01 10:15:54,268 [Worker-21: Building] INFO  o.e.m.c.i.embedder.EclipseLogger - Copying 0 resource
2021-06-01 10:15:54,273 [Worker-21: Building] INFO  o.e.m.c.i.embedder.EclipseLogger - Using 'windows-1252' encoding to copy filtered resources.
2021-06-01 10:15:54,274 [Worker-21: Building] INFO  o.e.m.c.i.embedder.EclipseLogger - skip non existing resourceDirectory C:\Users\FavioQuinteros\Documents\GitHub\Quinteros-WebEditor\org.xtext.asmetal.parent\org.xtext.asmetal.ide\src\test\resources
2021-06-01 10:15:55,035 [Worker-22: Building] INFO  o.e.m.c.i.embedder.EclipseLogger - Using 'windows-1252' encoding to copy filtered resources.
2021-06-01 10:15:55,038 [Worker-22: Building] INFO  o.e.m.c.i.embedder.EclipseLogger - Copying 0 resource
2021-06-01 10:15:55,042 [Worker-22: Building] INFO  o.e.m.c.i.embedder.EclipseLogger - Using 'windows-1252' encoding to copy filtered resources.
2021-06-01 10:15:55,044 [Worker-22: Building] INFO  o.e.m.c.i.embedder.EclipseLogger - Copying 0 resource
2021-06-01 10:15:59,433 [Worker-27: Building] INFO  o.e.m.c.i.p.WorkspaceClassifierResolverManager - Resolving P/org.xtext.asmetal: org.xtext.asmetal:org.xtext.asmetal:1.0.0-SNAPSHOT with classifier  to /org.xtext.asmetal/target/classes
2021-06-01 10:15:59,529 [Worker-27: Building] INFO  o.e.m.c.i.embedder.EclipseLogger - Using 'windows-1252' encoding to copy filtered resources.
2021-06-01 10:15:59,530 [Worker-27: Building] INFO  o.e.m.c.i.embedder.EclipseLogger - Copying 0 resource
2021-06-01 10:15:59,535 [Worker-27: Building] INFO  o.e.m.c.i.embedder.EclipseLogger - Using 'windows-1252' encoding to copy filtered resources.
2021-06-01 10:15:59,535 [Worker-27: Building] INFO  o.e.m.c.i.embedder.EclipseLogger - skip non existing resourceDirectory C:\Users\FavioQuinteros\Documents\GitHub\Quinteros-WebEditor\org.xtext.asmetal.parent\org.xtext.asmetal.ide\src\test\resources
2021-06-01 10:16:05,655 [Worker-14: Building] INFO  o.e.m.c.i.embedder.EclipseLogger - Using 'windows-1252' encoding to copy filtered resources.
2021-06-01 10:16:05,658 [Worker-14: Building] INFO  o.e.m.c.i.embedder.EclipseLogger - Copying 0 resource
2021-06-01 10:16:05,662 [Worker-14: Building] INFO  o.e.m.c.i.embedder.EclipseLogger - Using 'windows-1252' encoding to copy filtered resources.
2021-06-01 10:16:05,663 [Worker-14: Building] INFO  o.e.m.c.i.embedder.EclipseLogger - skip non existing resourceDirectory C:\Users\FavioQuinteros\Documents\GitHub\Quinteros-WebEditor\org.xtext.asmetal.parent\org.xtext.asmetal.ide\src\test\resources
2021-06-01 10:16:08,355 [Worker-14: Building] INFO  o.e.m.c.i.l.LifecycleMappingFactory - Using org.eclipse.m2e.jdt.JarLifecycleMapping lifecycle mapping for MavenProject: org.xtext.asmetal:org.xtext.asmetal:1.0.0-SNAPSHOT @ C:\Users\FavioQuinteros\Documents\GitHub\Quinteros-WebEditor\org.xtext.asmetal.parent\org.xtext.asmetal\pom.xml.
2021-06-01 10:16:08,946 [Worker-14: Building] INFO  o.e.m.c.i.l.LifecycleMappingFactory - Using NULL lifecycle mapping for MavenProject: org.xtext.asmetal:org.xtext.asmetal.parent:1.0.0-SNAPSHOT @ C:\Users\FavioQuinteros\Documents\GitHub\Quinteros-WebEditor\org.xtext.asmetal.parent\pom.xml.
2021-06-01 10:16:09,063 [Worker-14: Building] INFO  o.e.m.c.i.l.LifecycleMappingFactory - Using org.eclipse.m2e.jdt.JarLifecycleMapping lifecycle mapping for MavenProject: org.xtext.asmetal:org.xtext.asmetal.ide:1.0.0-SNAPSHOT @ C:\Users\FavioQuinteros\Documents\GitHub\Quinteros-WebEditor\org.xtext.asmetal.parent\org.xtext.asmetal.ide\pom.xml.
2021-06-01 10:16:09,097 [Worker-14: Building] INFO  o.e.m.c.i.p.WorkspaceClassifierResolverManager - Resolving P/org.xtext.asmetal: org.xtext.asmetal:org.xtext.asmetal:1.0.0-SNAPSHOT with classifier  to /org.xtext.asmetal/target/classes
2021-06-01 10:16:09,311 [Worker-14: Building] INFO  o.e.m.c.i.l.LifecycleMappingFactory - Using org.eclipse.m2e.jdt.JarLifecycleMapping lifecycle mapping for MavenProject: org.xtext.asmetal:org.xtext.asmetal:1.0.0-SNAPSHOT @ C:\Users\FavioQuinteros\Documents\GitHub\Quinteros-WebEditor\org.xtext.asmetal.parent\org.xtext.asmetal\pom.xml.
2021-06-01 10:16:11,875 [Worker-30: Building] INFO  o.e.m.c.i.embedder.EclipseLogger - Using 'windows-1252' encoding to copy filtered resources.
2021-06-01 10:16:11,881 [Worker-30: Building] INFO  o.e.m.c.i.embedder.EclipseLogger - Copying 0 resource
2021-06-01 10:16:11,889 [Worker-30: Building] INFO  o.e.m.c.i.embedder.EclipseLogger - Using 'windows-1252' encoding to copy filtered resources.
2021-06-01 10:16:11,891 [Worker-30: Building] INFO  o.e.m.c.i.embedder.EclipseLogger - Copying 0 resource
2021-06-01 10:16:12,509 [Worker-30: Building] INFO  o.e.m.c.i.p.WorkspaceClassifierResolverManager - Resolving P/org.xtext.asmetal: org.xtext.asmetal:org.xtext.asmetal:1.0.0-SNAPSHOT with classifier  to /org.xtext.asmetal/target/classes
2021-06-01 10:16:12,647 [Worker-30: Building] INFO  o.e.m.c.i.embedder.EclipseLogger - Using 'windows-1252' encoding to copy filtered resources.
2021-06-01 10:16:12,649 [Worker-30: Building] INFO  o.e.m.c.i.embedder.EclipseLogger - Copying 0 resource
2021-06-01 10:16:12,653 [Worker-30: Building] INFO  o.e.m.c.i.embedder.EclipseLogger - Using 'windows-1252' encoding to copy filtered resources.
2021-06-01 10:16:12,654 [Worker-30: Building] INFO  o.e.m.c.i.embedder.EclipseLogger - skip non existing resourceDirectory C:\Users\FavioQuinteros\Documents\GitHub\Quinteros-WebEditor\org.xtext.asmetal.parent\org.xtext.asmetal.ide\src\test\resources
2021-06-01 10:16:13,111 [Worker-30: Building] INFO  o.e.m.c.i.l.LifecycleMappingFactory - Using org.maven.ide.eclipse.wtp.WarLifecycleMapping lifecycle mapping for MavenProject: org.xtext.asmetal:org.xtext.asmetal.web:1.0.0-SNAPSHOT @ C:\Users\FavioQuinteros\Documents\GitHub\Quinteros-WebEditor\org.xtext.asmetal.parent\org.xtext.asmetal.web\pom.xml.
2021-06-01 10:16:15,104 [Worker-30: Building] INFO  o.e.m.c.i.p.WorkspaceClassifierResolverManager - Resolving P/org.xtext.asmetal: org.xtext.asmetal:org.xtext.asmetal:1.0.0-SNAPSHOT with classifier  to /org.xtext.asmetal/target/classes
2021-06-01 10:16:15,146 [Worker-30: Building] INFO  o.e.m.c.i.p.WorkspaceClassifierResolverManager - Resolving P/org.xtext.asmetal.ide: org.xtext.asmetal:org.xtext.asmetal.ide:1.0.0-SNAPSHOT with classifier  to /org.xtext.asmetal.ide/target/classes
2021-06-01 10:16:21,257 [Worker-30: Building] INFO  o.e.m.c.i.embedder.EclipseLogger - Using 'windows-1252' encoding to copy filtered resources.
2021-06-01 10:16:21,258 [Worker-30: Building] INFO  o.e.m.c.i.embedder.EclipseLogger - Copying 0 resource
2021-06-01 10:16:21,260 [Worker-30: Building] INFO  o.e.m.c.i.embedder.EclipseLogger - Using 'windows-1252' encoding to copy filtered resources.
2021-06-01 10:16:21,261 [Worker-30: Building] INFO  o.e.m.c.i.embedder.EclipseLogger - skip non existing resourceDirectory C:\Users\FavioQuinteros\Documents\GitHub\Quinteros-WebEditor\org.xtext.asmetal.parent\org.xtext.asmetal.web\src\test\resources
2021-06-01 10:16:25,287 [Worker-28: Building] INFO  o.e.m.c.i.p.WorkspaceClassifierResolverManager - Resolving P/org.xtext.asmetal: org.xtext.asmetal:org.xtext.asmetal:1.0.0-SNAPSHOT with classifier  to /org.xtext.asmetal/target/classes
2021-06-01 10:16:25,306 [Worker-28: Building] INFO  o.e.m.c.i.p.WorkspaceClassifierResolverManager - Resolving P/org.xtext.asmetal.ide: org.xtext.asmetal:org.xtext.asmetal.ide:1.0.0-SNAPSHOT with classifier  to /org.xtext.asmetal.ide/target/classes
2021-06-01 10:16:25,363 [Worker-28: Building] INFO  o.e.m.c.i.embedder.EclipseLogger - Using 'windows-1252' encoding to copy filtered resources.
2021-06-01 10:16:25,363 [Worker-28: Building] INFO  o.e.m.c.i.embedder.EclipseLogger - Copying 0 resource
2021-06-01 10:16:25,366 [Worker-28: Building] INFO  o.e.m.c.i.embedder.EclipseLogger - Using 'windows-1252' encoding to copy filtered resources.
2021-06-01 10:16:25,366 [Worker-28: Building] INFO  o.e.m.c.i.embedder.EclipseLogger - skip non existing resourceDirectory C:\Users\FavioQuinteros\Documents\GitHub\Quinteros-WebEditor\org.xtext.asmetal.parent\org.xtext.asmetal.web\src\test\resources
2021-06-01 10:16:26,634 [Worker-23: Building] INFO  o.e.m.c.i.embedder.EclipseLogger - Using 'windows-1252' encoding to copy filtered resources.
2021-06-01 10:16:26,636 [Worker-23: Building] INFO  o.e.m.c.i.embedder.EclipseLogger - Copying 0 resource
2021-06-01 10:16:26,638 [Worker-23: Building] INFO  o.e.m.c.i.embedder.EclipseLogger - Using 'windows-1252' encoding to copy filtered resources.
2021-06-01 10:16:26,639 [Worker-23: Building] INFO  o.e.m.c.i.embedder.EclipseLogger - skip non existing resourceDirectory C:\Users\FavioQuinteros\Documents\GitHub\Quinteros-WebEditor\org.xtext.asmetal.parent\org.xtext.asmetal.web\src\test\resources
2021-06-03 13:10:58,261 [Worker-3: Loading available Gradle versions] INFO  o.e.b.c.i.u.g.PublishedGradleVersions - Gradle version information cache is up-to-date. Trying to read.
2021-06-03 13:11:05,107 [Worker-5: Building] INFO  o.e.m.c.i.embedder.EclipseLogger - Using 'windows-1252' encoding to copy filtered resources.
2021-06-03 13:11:05,117 [Worker-5: Building] INFO  o.e.m.c.i.embedder.EclipseLogger - Copying 0 resource
2021-06-03 13:11:05,123 [Worker-5: Building] INFO  o.e.m.c.i.embedder.EclipseLogger - Using 'windows-1252' encoding to copy filtered resources.
2021-06-03 13:11:05,124 [Worker-5: Building] INFO  o.e.m.c.i.embedder.EclipseLogger - Copying 0 resource
2021-06-03 13:11:24,324 [Worker-5: Building] INFO  o.e.m.c.i.p.WorkspaceClassifierResolverManager - Resolving P/org.xtext.asmetal: org.xtext.asmetal:org.xtext.asmetal:1.0.0-SNAPSHOT with classifier  to /org.xtext.asmetal/target/classes
2021-06-03 13:11:24,381 [Worker-5: Building] INFO  o.e.m.c.i.embedder.EclipseLogger - Using 'windows-1252' encoding to copy filtered resources.
2021-06-03 13:11:24,382 [Worker-5: Building] INFO  o.e.m.c.i.embedder.EclipseLogger - Copying 0 resource
2021-06-03 13:11:24,384 [Worker-5: Building] INFO  o.e.m.c.i.embedder.EclipseLogger - Using 'windows-1252' encoding to copy filtered resources.
2021-06-03 13:11:24,384 [Worker-5: Building] INFO  o.e.m.c.i.embedder.EclipseLogger - skip non existing resourceDirectory C:\Users\FavioQuinteros\Documents\GitHub\Quinteros-WebEditor\org.xtext.asmetal.parent\org.xtext.asmetal.ide\src\test\resources
2021-06-03 13:11:27,370 [Worker-5: Building] INFO  o.e.m.c.i.p.WorkspaceClassifierResolverManager - Resolving P/org.xtext.asmetal: org.xtext.asmetal:org.xtext.asmetal:1.0.0-SNAPSHOT with classifier  to /org.xtext.asmetal/target/classes
2021-06-03 13:11:27,387 [Worker-5: Building] INFO  o.e.m.c.i.p.WorkspaceClassifierResolverManager - Resolving P/org.xtext.asmetal.ide: org.xtext.asmetal:org.xtext.asmetal.ide:1.0.0-SNAPSHOT with classifier  to /org.xtext.asmetal.ide/target/classes
2021-06-03 13:11:27,482 [Worker-5: Building] INFO  o.e.m.c.i.embedder.EclipseLogger - Using 'windows-1252' encoding to copy filtered resources.
2021-06-03 13:11:27,483 [Worker-5: Building] INFO  o.e.m.c.i.embedder.EclipseLogger - Copying 0 resource
2021-06-03 13:11:27,485 [Worker-5: Building] INFO  o.e.m.c.i.embedder.EclipseLogger - Using 'windows-1252' encoding to copy filtered resources.
2021-06-03 13:11:27,485 [Worker-5: Building] INFO  o.e.m.c.i.embedder.EclipseLogger - skip non existing resourceDirectory C:\Users\FavioQuinteros\Documents\GitHub\Quinteros-WebEditor\org.xtext.asmetal.parent\org.xtext.asmetal.web\src\test\resources
2021-06-03 13:11:29,696 [Worker-5: Building] INFO  o.e.m.c.i.embedder.EclipseLogger - Using 'windows-1252' encoding to copy filtered resources.
2021-06-03 13:11:29,700 [Worker-5: Building] INFO  o.e.m.c.i.embedder.EclipseLogger - Copying 0 resource
2021-06-03 13:11:29,702 [Worker-5: Building] INFO  o.e.m.c.i.embedder.EclipseLogger - Using 'windows-1252' encoding to copy filtered resources.
2021-06-03 13:11:29,703 [Worker-5: Building] INFO  o.e.m.c.i.embedder.EclipseLogger - Copying 0 resource
2021-06-03 13:11:29,911 [Worker-5: Building] INFO  o.e.m.c.i.embedder.EclipseLogger - Using 'windows-1252' encoding to copy filtered resources.
2021-06-03 13:11:29,912 [Worker-5: Building] INFO  o.e.m.c.i.embedder.EclipseLogger - Copying 0 resource
2021-06-03 13:11:29,913 [Worker-5: Building] INFO  o.e.m.c.i.embedder.EclipseLogger - Using 'windows-1252' encoding to copy filtered resources.
2021-06-03 13:11:29,913 [Worker-5: Building] INFO  o.e.m.c.i.embedder.EclipseLogger - skip non existing resourceDirectory C:\Users\FavioQuinteros\Documents\GitHub\Quinteros-WebEditor\org.xtext.asmetal.parent\org.xtext.asmetal.ide\src\test\resources
2021-06-03 13:11:29,964 [Worker-5: Building] INFO  o.e.m.c.i.embedder.EclipseLogger - Using 'windows-1252' encoding to copy filtered resources.
2021-06-03 13:11:29,965 [Worker-5: Building] INFO  o.e.m.c.i.embedder.EclipseLogger - Copying 0 resource
2021-06-03 13:11:29,966 [Worker-5: Building] INFO  o.e.m.c.i.embedder.EclipseLogger - Using 'windows-1252' encoding to copy filtered resources.
2021-06-03 13:11:29,966 [Worker-5: Building] INFO  o.e.m.c.i.embedder.EclipseLogger - skip non existing resourceDirectory C:\Users\FavioQuinteros\Documents\GitHub\Quinteros-WebEditor\org.xtext.asmetal.parent\org.xtext.asmetal.web\src\test\resources
2021-06-03 13:11:31,010 [Worker-16: Building] INFO  o.e.m.c.i.embedder.EclipseLogger - Using 'windows-1252' encoding to copy filtered resources.
2021-06-03 13:11:31,011 [Worker-16: Building] INFO  o.e.m.c.i.embedder.EclipseLogger - Copying 0 resource
2021-06-03 13:11:31,012 [Worker-16: Building] INFO  o.e.m.c.i.embedder.EclipseLogger - Using 'windows-1252' encoding to copy filtered resources.
2021-06-03 13:11:31,012 [Worker-16: Building] INFO  o.e.m.c.i.embedder.EclipseLogger - Copying 0 resource
2021-06-03 13:11:31,027 [Worker-16: Building] INFO  o.e.m.c.i.embedder.EclipseLogger - Using 'windows-1252' encoding to copy filtered resources.
2021-06-03 13:11:31,028 [Worker-16: Building] INFO  o.e.m.c.i.embedder.EclipseLogger - Copying 0 resource
2021-06-03 13:11:31,030 [Worker-16: Building] INFO  o.e.m.c.i.embedder.EclipseLogger - Using 'windows-1252' encoding to copy filtered resources.
2021-06-03 13:11:31,030 [Worker-16: Building] INFO  o.e.m.c.i.embedder.EclipseLogger - skip non existing resourceDirectory C:\Users\FavioQuinteros\Documents\GitHub\Quinteros-WebEditor\org.xtext.asmetal.parent\org.xtext.asmetal.ide\src\test\resources
2021-06-03 13:28:58,847 [Worker-11: Building] INFO  o.e.m.c.i.embedder.EclipseLogger - Using 'windows-1252' encoding to copy filtered resources.
2021-06-03 13:28:58,868 [Worker-11: Building] INFO  o.e.m.c.i.embedder.EclipseLogger - Copying 0 resource
2021-06-03 13:28:58,874 [Worker-11: Building] INFO  o.e.m.c.i.embedder.EclipseLogger - Using 'windows-1252' encoding to copy filtered resources.
2021-06-03 13:28:58,875 [Worker-11: Building] INFO  o.e.m.c.i.embedder.EclipseLogger - skip non existing resourceDirectory C:\Users\FavioQuinteros\Documents\GitHub\Quinteros-WebEditor\org.xtext.asmetal.parent\org.xtext.asmetal.web\src\test\resources
2021-06-03 13:29:03,364 [Worker-21: Building] INFO  o.e.m.c.i.embedder.EclipseLogger - Using 'windows-1252' encoding to copy filtered resources.
2021-06-03 13:29:03,371 [Worker-21: Building] INFO  o.e.m.c.i.embedder.EclipseLogger - Copying 0 resource
2021-06-03 13:29:03,374 [Worker-21: Building] INFO  o.e.m.c.i.embedder.EclipseLogger - Using 'windows-1252' encoding to copy filtered resources.
2021-06-03 13:29:03,376 [Worker-21: Building] INFO  o.e.m.c.i.embedder.EclipseLogger - Copying 0 resource
2021-06-03 13:29:05,154 [Worker-11: Building] INFO  o.e.m.c.i.embedder.EclipseLogger - Using 'windows-1252' encoding to copy filtered resources.
2021-06-03 13:29:05,156 [Worker-11: Building] INFO  o.e.m.c.i.embedder.EclipseLogger - Copying 0 resource
2021-06-03 13:29:05,159 [Worker-11: Building] INFO  o.e.m.c.i.embedder.EclipseLogger - Using 'windows-1252' encoding to copy filtered resources.
2021-06-03 13:29:05,159 [Worker-11: Building] INFO  o.e.m.c.i.embedder.EclipseLogger - skip non existing resourceDirectory C:\Users\FavioQuinteros\Documents\GitHub\Quinteros-WebEditor\org.xtext.asmetal.parent\org.xtext.asmetal.ide\src\test\resources
2021-06-03 13:29:05,188 [Worker-11: Building] INFO  o.e.m.c.i.embedder.EclipseLogger - Using 'windows-1252' encoding to copy filtered resources.
2021-06-03 13:29:05,189 [Worker-11: Building] INFO  o.e.m.c.i.embedder.EclipseLogger - Copying 0 resource
2021-06-03 13:29:05,193 [Worker-11: Building] INFO  o.e.m.c.i.embedder.EclipseLogger - Using 'windows-1252' encoding to copy filtered resources.
2021-06-03 13:29:05,193 [Worker-11: Building] INFO  o.e.m.c.i.embedder.EclipseLogger - skip non existing resourceDirectory C:\Users\FavioQuinteros\Documents\GitHub\Quinteros-WebEditor\org.xtext.asmetal.parent\org.xtext.asmetal.web\src\test\resources
2021-06-03 13:29:06,431 [Worker-27: Building] INFO  o.e.m.c.i.embedder.EclipseLogger - Using 'windows-1252' encoding to copy filtered resources.
2021-06-03 13:29:06,434 [Worker-27: Building] INFO  o.e.m.c.i.embedder.EclipseLogger - Copying 0 resource
2021-06-03 13:29:06,441 [Worker-27: Building] INFO  o.e.m.c.i.embedder.EclipseLogger - Using 'windows-1252' encoding to copy filtered resources.
2021-06-03 13:29:06,441 [Worker-27: Building] INFO  o.e.m.c.i.embedder.EclipseLogger - skip non existing resourceDirectory C:\Users\FavioQuinteros\Documents\GitHub\Quinteros-WebEditor\org.xtext.asmetal.parent\org.xtext.asmetal.web\src\test\resources
2021-06-03 13:29:53,550 [Worker-11: Building] INFO  o.e.m.c.i.embedder.EclipseLogger - Using 'windows-1252' encoding to copy filtered resources.
2021-06-03 13:29:53,551 [Worker-11: Building] INFO  o.e.m.c.i.embedder.EclipseLogger - Copying 0 resource
2021-06-03 13:29:53,552 [Worker-11: Building] INFO  o.e.m.c.i.embedder.EclipseLogger - Using 'windows-1252' encoding to copy filtered resources.
2021-06-03 13:29:53,553 [Worker-11: Building] INFO  o.e.m.c.i.embedder.EclipseLogger - skip non existing resourceDirectory C:\Users\FavioQuinteros\Documents\GitHub\Quinteros-WebEditor\org.xtext.asmetal.parent\org.xtext.asmetal.web\src\test\resources
2021-06-03 13:29:56,011 [Worker-21: Building] INFO  o.e.m.c.i.embedder.EclipseLogger - Using 'windows-1252' encoding to copy filtered resources.
2021-06-03 13:29:56,012 [Worker-21: Building] INFO  o.e.m.c.i.embedder.EclipseLogger - Copying 0 resource
2021-06-03 13:29:56,014 [Worker-21: Building] INFO  o.e.m.c.i.embedder.EclipseLogger - Using 'windows-1252' encoding to copy filtered resources.
2021-06-03 13:29:56,015 [Worker-21: Building] INFO  o.e.m.c.i.embedder.EclipseLogger - skip non existing resourceDirectory C:\Users\FavioQuinteros\Documents\GitHub\Quinteros-WebEditor\org.xtext.asmetal.parent\org.xtext.asmetal.web\src\test\resources
2021-06-03 13:30:47,976 [Worker-21: Building] INFO  o.e.m.c.i.embedder.EclipseLogger - Using 'windows-1252' encoding to copy filtered resources.
2021-06-03 13:30:47,976 [Worker-21: Building] INFO  o.e.m.c.i.embedder.EclipseLogger - Copying 0 resource
2021-06-03 13:30:47,978 [Worker-21: Building] INFO  o.e.m.c.i.embedder.EclipseLogger - Using 'windows-1252' encoding to copy filtered resources.
2021-06-03 13:30:47,978 [Worker-21: Building] INFO  o.e.m.c.i.embedder.EclipseLogger - skip non existing resourceDirectory C:\Users\FavioQuinteros\Documents\GitHub\Quinteros-WebEditor\org.xtext.asmetal.parent\org.xtext.asmetal.web\src\test\resources
2021-06-03 13:31:19,833 [Worker-27: Building] INFO  o.e.m.c.i.embedder.EclipseLogger - Using 'windows-1252' encoding to copy filtered resources.
2021-06-03 13:31:19,834 [Worker-27: Building] INFO  o.e.m.c.i.embedder.EclipseLogger - Copying 0 resource
2021-06-03 13:31:19,835 [Worker-27: Building] INFO  o.e.m.c.i.embedder.EclipseLogger - Using 'windows-1252' encoding to copy filtered resources.
2021-06-03 13:31:19,836 [Worker-27: Building] INFO  o.e.m.c.i.embedder.EclipseLogger - skip non existing resourceDirectory C:\Users\FavioQuinteros\Documents\GitHub\Quinteros-WebEditor\org.xtext.asmetal.parent\org.xtext.asmetal.web\src\test\resources
2021-06-03 13:31:44,222 [Worker-27: Building] INFO  o.e.m.c.i.embedder.EclipseLogger - Using 'windows-1252' encoding to copy filtered resources.
2021-06-03 13:31:44,222 [Worker-27: Building] INFO  o.e.m.c.i.embedder.EclipseLogger - Copying 0 resource
2021-06-03 13:31:44,224 [Worker-27: Building] INFO  o.e.m.c.i.embedder.EclipseLogger - Using 'windows-1252' encoding to copy filtered resources.
2021-06-03 13:31:44,224 [Worker-27: Building] INFO  o.e.m.c.i.embedder.EclipseLogger - skip non existing resourceDirectory C:\Users\FavioQuinteros\Documents\GitHub\Quinteros-WebEditor\org.xtext.asmetal.parent\org.xtext.asmetal.web\src\test\resources
2021-06-03 13:32:07,309 [Worker-11: Building] INFO  o.e.m.c.i.embedder.EclipseLogger - Using 'windows-1252' encoding to copy filtered resources.
2021-06-03 13:32:07,310 [Worker-11: Building] INFO  o.e.m.c.i.embedder.EclipseLogger - Copying 0 resource
2021-06-03 13:32:07,312 [Worker-11: Building] INFO  o.e.m.c.i.embedder.EclipseLogger - Using 'windows-1252' encoding to copy filtered resources.
2021-06-03 13:32:07,312 [Worker-11: Building] INFO  o.e.m.c.i.embedder.EclipseLogger - skip non existing resourceDirectory C:\Users\FavioQuinteros\Documents\GitHub\Quinteros-WebEditor\org.xtext.asmetal.parent\org.xtext.asmetal.web\src\test\resources
2021-06-03 13:33:02,789 [Worker-28: Building] INFO  o.e.m.c.i.embedder.EclipseLogger - Using 'windows-1252' encoding to copy filtered resources.
2021-06-03 13:33:02,790 [Worker-28: Building] INFO  o.e.m.c.i.embedder.EclipseLogger - Copying 0 resource
2021-06-03 13:33:02,791 [Worker-28: Building] INFO  o.e.m.c.i.embedder.EclipseLogger - Using 'windows-1252' encoding to copy filtered resources.
2021-06-03 13:33:02,791 [Worker-28: Building] INFO  o.e.m.c.i.embedder.EclipseLogger - skip non existing resourceDirectory C:\Users\FavioQuinteros\Documents\GitHub\Quinteros-WebEditor\org.xtext.asmetal.parent\org.xtext.asmetal.web\src\test\resources
2021-06-03 14:17:48,874 [Worker-28: Building] INFO  o.e.m.c.i.embedder.EclipseLogger - Using 'windows-1252' encoding to copy filtered resources.
2021-06-03 14:17:48,883 [Worker-28: Building] INFO  o.e.m.c.i.embedder.EclipseLogger - Copying 0 resource
2021-06-03 14:17:48,885 [Worker-28: Building] INFO  o.e.m.c.i.embedder.EclipseLogger - Using 'windows-1252' encoding to copy filtered resources.
2021-06-03 14:17:48,885 [Worker-28: Building] INFO  o.e.m.c.i.embedder.EclipseLogger - skip non existing resourceDirectory C:\Users\FavioQuinteros\Documents\GitHub\Quinteros-WebEditor\org.xtext.asmetal.parent\org.xtext.asmetal.web\src\test\resources
2021-06-03 14:18:08,992 [Worker-36: Building] INFO  o.e.m.c.i.embedder.EclipseLogger - Using 'windows-1252' encoding to copy filtered resources.
2021-06-03 14:18:08,993 [Worker-36: Building] INFO  o.e.m.c.i.embedder.EclipseLogger - Copying 0 resource
2021-06-03 14:18:08,995 [Worker-36: Building] INFO  o.e.m.c.i.embedder.EclipseLogger - Using 'windows-1252' encoding to copy filtered resources.
2021-06-03 14:18:08,995 [Worker-36: Building] INFO  o.e.m.c.i.embedder.EclipseLogger - skip non existing resourceDirectory C:\Users\FavioQuinteros\Documents\GitHub\Quinteros-WebEditor\org.xtext.asmetal.parent\org.xtext.asmetal.web\src\test\resources
2021-06-03 14:18:58,198 [Worker-36: Building] INFO  o.e.m.c.i.embedder.EclipseLogger - Using 'windows-1252' encoding to copy filtered resources.
2021-06-03 14:18:58,199 [Worker-36: Building] INFO  o.e.m.c.i.embedder.EclipseLogger - Copying 0 resource
2021-06-03 14:18:58,200 [Worker-36: Building] INFO  o.e.m.c.i.embedder.EclipseLogger - Using 'windows-1252' encoding to copy filtered resources.
2021-06-03 14:18:58,200 [Worker-36: Building] INFO  o.e.m.c.i.embedder.EclipseLogger - skip non existing resourceDirectory C:\Users\FavioQuinteros\Documents\GitHub\Quinteros-WebEditor\org.xtext.asmetal.parent\org.xtext.asmetal.web\src\test\resources
2021-06-03 14:18:59,855 [Worker-36: Building] INFO  o.e.m.c.i.embedder.EclipseLogger - Using 'windows-1252' encoding to copy filtered resources.
2021-06-03 14:18:59,856 [Worker-36: Building] INFO  o.e.m.c.i.embedder.EclipseLogger - Copying 0 resource
2021-06-03 14:18:59,857 [Worker-36: Building] INFO  o.e.m.c.i.embedder.EclipseLogger - Using 'windows-1252' encoding to copy filtered resources.
2021-06-03 14:18:59,857 [Worker-36: Building] INFO  o.e.m.c.i.embedder.EclipseLogger - skip non existing resourceDirectory C:\Users\FavioQuinteros\Documents\GitHub\Quinteros-WebEditor\org.xtext.asmetal.parent\org.xtext.asmetal.web\src\test\resources
2021-06-03 14:19:00,794 [Worker-34: Building] INFO  o.e.m.c.i.embedder.EclipseLogger - Using 'windows-1252' encoding to copy filtered resources.
2021-06-03 14:19:00,795 [Worker-34: Building] INFO  o.e.m.c.i.embedder.EclipseLogger - Copying 0 resource
2021-06-03 14:19:00,796 [Worker-34: Building] INFO  o.e.m.c.i.embedder.EclipseLogger - Using 'windows-1252' encoding to copy filtered resources.
2021-06-03 14:19:00,796 [Worker-34: Building] INFO  o.e.m.c.i.embedder.EclipseLogger - skip non existing resourceDirectory C:\Users\FavioQuinteros\Documents\GitHub\Quinteros-WebEditor\org.xtext.asmetal.parent\org.xtext.asmetal.web\src\test\resources
2021-06-03 14:19:16,352 [Worker-34: Building] INFO  o.e.m.c.i.embedder.EclipseLogger - Using 'windows-1252' encoding to copy filtered resources.
2021-06-03 14:19:16,355 [Worker-34: Building] INFO  o.e.m.c.i.embedder.EclipseLogger - Copying 0 resource
2021-06-03 14:19:16,356 [Worker-34: Building] INFO  o.e.m.c.i.embedder.EclipseLogger - Using 'windows-1252' encoding to copy filtered resources.
2021-06-03 14:19:16,357 [Worker-34: Building] INFO  o.e.m.c.i.embedder.EclipseLogger - skip non existing resourceDirectory C:\Users\FavioQuinteros\Documents\GitHub\Quinteros-WebEditor\org.xtext.asmetal.parent\org.xtext.asmetal.web\src\test\resources
2021-06-03 14:19:16,478 [Worker-35: Launching Executing install in C__Users_FavioQuinteros_Documents_GitHub_Quinteros-WebEditor_org.xtext.asmetal.parent_org.xtext.asmetal] INFO  o.e.m.i.launch.MavenLaunchDelegate - C:\Users\FavioQuinteros\Documents\GitHub\Quinteros-WebEditor\org.xtext.asmetal.parent\org.xtext.asmetal
2021-06-03 14:19:16,480 [Worker-35: Launching Executing install in C__Users_FavioQuinteros_Documents_GitHub_Quinteros-WebEditor_org.xtext.asmetal.parent_org.xtext.asmetal] INFO  o.e.m.i.launch.MavenLaunchDelegate -  mvn -B install
2021-06-03 14:19:27,541 [Worker-36: Launching Executing install in C__Users_FavioQuinteros_Documents_GitHub_Quinteros-WebEditor_org.xtext.asmetal.parent] INFO  o.e.m.i.launch.MavenLaunchDelegate - C:\Users\FavioQuinteros\Documents\GitHub\Quinteros-WebEditor\org.xtext.asmetal.parent
2021-06-03 14:19:27,541 [Worker-36: Launching Executing install in C__Users_FavioQuinteros_Documents_GitHub_Quinteros-WebEditor_org.xtext.asmetal.parent] INFO  o.e.m.i.launch.MavenLaunchDelegate -  mvn -B install
2021-06-03 14:20:42,772 [Worker-34: Building] INFO  o.e.m.c.i.embedder.EclipseLogger - Using 'windows-1252' encoding to copy filtered resources.
2021-06-03 14:20:42,773 [Worker-34: Building] INFO  o.e.m.c.i.embedder.EclipseLogger - Copying 0 resource
2021-06-03 14:20:42,775 [Worker-34: Building] INFO  o.e.m.c.i.embedder.EclipseLogger - Using 'windows-1252' encoding to copy filtered resources.
2021-06-03 14:20:42,776 [Worker-34: Building] INFO  o.e.m.c.i.embedder.EclipseLogger - Copying 0 resource
2021-06-03 14:20:47,814 [Worker-39: Building] INFO  o.e.m.c.i.embedder.EclipseLogger - Using 'windows-1252' encoding to copy filtered resources.
2021-06-03 14:20:47,816 [Worker-39: Building] INFO  o.e.m.c.i.embedder.EclipseLogger - Copying 0 resource
2021-06-03 14:20:47,817 [Worker-39: Building] INFO  o.e.m.c.i.embedder.EclipseLogger - Using 'windows-1252' encoding to copy filtered resources.
2021-06-03 14:20:47,819 [Worker-39: Building] INFO  o.e.m.c.i.embedder.EclipseLogger - Copying 0 resource
2021-06-03 14:20:50,663 [Worker-33: Building] INFO  o.e.m.c.i.embedder.EclipseLogger - Using 'windows-1252' encoding to copy filtered resources.
2021-06-03 14:20:50,664 [Worker-33: Building] INFO  o.e.m.c.i.embedder.EclipseLogger - Copying 0 resource
2021-06-03 14:20:50,666 [Worker-33: Building] INFO  o.e.m.c.i.embedder.EclipseLogger - Using 'windows-1252' encoding to copy filtered resources.
2021-06-03 14:20:50,666 [Worker-33: Building] INFO  o.e.m.c.i.embedder.EclipseLogger - Copying 0 resource
2021-06-03 14:20:50,748 [Worker-33: Building] INFO  o.e.m.c.i.embedder.EclipseLogger - Using 'windows-1252' encoding to copy filtered resources.
2021-06-03 14:20:50,749 [Worker-33: Building] INFO  o.e.m.c.i.embedder.EclipseLogger - Copying 0 resource
2021-06-03 14:20:50,750 [Worker-33: Building] INFO  o.e.m.c.i.embedder.EclipseLogger - Using 'windows-1252' encoding to copy filtered resources.
2021-06-03 14:20:50,750 [Worker-33: Building] INFO  o.e.m.c.i.embedder.EclipseLogger - skip non existing resourceDirectory C:\Users\FavioQuinteros\Documents\GitHub\Quinteros-WebEditor\org.xtext.asmetal.parent\org.xtext.asmetal.ide\src\test\resources
2021-06-03 14:20:52,418 [Worker-33: Building] INFO  o.e.m.c.i.embedder.EclipseLogger - Using 'windows-1252' encoding to copy filtered resources.
2021-06-03 14:20:52,419 [Worker-33: Building] INFO  o.e.m.c.i.embedder.EclipseLogger - Copying 0 resource
2021-06-03 14:20:52,422 [Worker-33: Building] INFO  o.e.m.c.i.embedder.EclipseLogger - Using 'windows-1252' encoding to copy filtered resources.
2021-06-03 14:20:52,423 [Worker-33: Building] INFO  o.e.m.c.i.embedder.EclipseLogger - Copying 0 resource
2021-06-03 14:20:52,430 [Worker-33: Building] INFO  o.e.m.c.i.embedder.EclipseLogger - Using 'windows-1252' encoding to copy filtered resources.
2021-06-03 14:20:52,431 [Worker-33: Building] INFO  o.e.m.c.i.embedder.EclipseLogger - Copying 0 resource
2021-06-03 14:20:52,432 [Worker-33: Building] INFO  o.e.m.c.i.embedder.EclipseLogger - Using 'windows-1252' encoding to copy filtered resources.
2021-06-03 14:20:52,433 [Worker-33: Building] INFO  o.e.m.c.i.embedder.EclipseLogger - skip non existing resourceDirectory C:\Users\FavioQuinteros\Documents\GitHub\Quinteros-WebEditor\org.xtext.asmetal.parent\org.xtext.asmetal.ide\src\test\resources
2021-06-03 14:20:52,700 [Worker-33: Building] INFO  o.e.m.c.i.embedder.EclipseLogger - Using 'windows-1252' encoding to copy filtered resources.
2021-06-03 14:20:52,701 [Worker-33: Building] INFO  o.e.m.c.i.embedder.EclipseLogger - Copying 0 resource
2021-06-03 14:20:52,703 [Worker-33: Building] INFO  o.e.m.c.i.embedder.EclipseLogger - Using 'windows-1252' encoding to copy filtered resources.
2021-06-03 14:20:52,703 [Worker-33: Building] INFO  o.e.m.c.i.embedder.EclipseLogger - skip non existing resourceDirectory C:\Users\FavioQuinteros\Documents\GitHub\Quinteros-WebEditor\org.xtext.asmetal.parent\org.xtext.asmetal.web\src\test\resources
2021-06-03 14:20:52,885 [Worker-33: Building] INFO  o.e.m.c.i.embedder.EclipseLogger - Using 'windows-1252' encoding to copy filtered resources.
2021-06-03 14:20:52,886 [Worker-33: Building] INFO  o.e.m.c.i.embedder.EclipseLogger - Copying 0 resource
2021-06-03 14:20:52,887 [Worker-33: Building] INFO  o.e.m.c.i.embedder.EclipseLogger - Using 'windows-1252' encoding to copy filtered resources.
2021-06-03 14:20:52,888 [Worker-33: Building] INFO  o.e.m.c.i.embedder.EclipseLogger - skip non existing resourceDirectory C:\Users\FavioQuinteros\Documents\GitHub\Quinteros-WebEditor\org.xtext.asmetal.parent\org.xtext.asmetal.web\src\test\resources
2021-06-03 14:20:58,835 [main] INFO  o.e.m2e.actions.ExecutePomAction - Creating new launch configuration
2021-06-03 14:21:07,483 [main] INFO  o.e.m2e.actions.ExecutePomAction - Using existing launch configuration
2021-06-03 14:21:18,838 [main] INFO  o.e.m2e.actions.ExecutePomAction - Using existing launch configuration
2021-06-03 14:21:27,031 [Worker-34: Launching org.xtext.asmetal.web] INFO  o.e.m.i.launch.MavenLaunchDelegate - C:\Users\FavioQuinteros\Documents\GitHub\Quinteros-WebEditor\org.xtext.asmetal.parent\org.xtext.asmetal.web
2021-06-03 14:21:27,031 [Worker-34: Launching org.xtext.asmetal.web] INFO  o.e.m.i.launch.MavenLaunchDelegate -  mvn -B jetty:run
2021-06-03 14:23:45,809 [Worker-34: Building] INFO  o.e.m.c.i.embedder.EclipseLogger - Using 'windows-1252' encoding to copy filtered resources.
2021-06-03 14:23:45,812 [Worker-34: Building] INFO  o.e.m.c.i.embedder.EclipseLogger - Copying 0 resource
2021-06-03 14:23:45,813 [Worker-34: Building] INFO  o.e.m.c.i.embedder.EclipseLogger - Using 'windows-1252' encoding to copy filtered resources.
2021-06-03 14:23:45,813 [Worker-34: Building] INFO  o.e.m.c.i.embedder.EclipseLogger - skip non existing resourceDirectory C:\Users\FavioQuinteros\Documents\GitHub\Quinteros-WebEditor\org.xtext.asmetal.parent\org.xtext.asmetal.web\src\test\resources
2021-06-03 14:24:51,125 [Worker-28: Launching Executing install in C__Users_FavioQuinteros_Documents_GitHub_Quinteros-WebEditor_org.xtext.asmetal.parent] INFO  o.e.m.i.launch.MavenLaunchDelegate - C:\Users\FavioQuinteros\Documents\GitHub\Quinteros-WebEditor\org.xtext.asmetal.parent
2021-06-03 14:24:51,125 [Worker-28: Launching Executing install in C__Users_FavioQuinteros_Documents_GitHub_Quinteros-WebEditor_org.xtext.asmetal.parent] INFO  o.e.m.i.launch.MavenLaunchDelegate -  mvn -B install
2021-06-03 14:25:59,531 [Worker-39: Building] INFO  o.e.m.c.i.embedder.EclipseLogger - Using 'windows-1252' encoding to copy filtered resources.
2021-06-03 14:25:59,533 [Worker-39: Building] INFO  o.e.m.c.i.embedder.EclipseLogger - Copying 0 resource
2021-06-03 14:25:59,536 [Worker-39: Building] INFO  o.e.m.c.i.embedder.EclipseLogger - Using 'windows-1252' encoding to copy filtered resources.
2021-06-03 14:25:59,536 [Worker-39: Building] INFO  o.e.m.c.i.embedder.EclipseLogger - skip non existing resourceDirectory C:\Users\FavioQuinteros\Documents\GitHub\Quinteros-WebEditor\org.xtext.asmetal.parent\org.xtext.asmetal.web\src\test\resources
2021-06-03 14:26:00,804 [Worker-35: Building] INFO  o.e.m.c.i.embedder.EclipseLogger - Using 'windows-1252' encoding to copy filtered resources.
2021-06-03 14:26:00,805 [Worker-35: Building] INFO  o.e.m.c.i.embedder.EclipseLogger - Copying 0 resource
2021-06-03 14:26:00,806 [Worker-35: Building] INFO  o.e.m.c.i.embedder.EclipseLogger - Using 'windows-1252' encoding to copy filtered resources.
2021-06-03 14:26:00,806 [Worker-35: Building] INFO  o.e.m.c.i.embedder.EclipseLogger - Copying 0 resource
2021-06-03 14:26:00,824 [Worker-35: Building] INFO  o.e.m.c.i.embedder.EclipseLogger - Using 'windows-1252' encoding to copy filtered resources.
2021-06-03 14:26:00,825 [Worker-35: Building] INFO  o.e.m.c.i.embedder.EclipseLogger - Copying 0 resource
2021-06-03 14:26:00,826 [Worker-35: Building] INFO  o.e.m.c.i.embedder.EclipseLogger - Using 'windows-1252' encoding to copy filtered resources.
2021-06-03 14:26:00,826 [Worker-35: Building] INFO  o.e.m.c.i.embedder.EclipseLogger - skip non existing resourceDirectory C:\Users\FavioQuinteros\Documents\GitHub\Quinteros-WebEditor\org.xtext.asmetal.parent\org.xtext.asmetal.ide\src\test\resources
2021-06-03 14:26:00,845 [Worker-35: Building] INFO  o.e.m.c.i.embedder.EclipseLogger - Using 'windows-1252' encoding to copy filtered resources.
2021-06-03 14:26:00,846 [Worker-35: Building] INFO  o.e.m.c.i.embedder.EclipseLogger - Copying 0 resource
2021-06-03 14:26:00,847 [Worker-35: Building] INFO  o.e.m.c.i.embedder.EclipseLogger - Using 'windows-1252' encoding to copy filtered resources.
2021-06-03 14:26:00,847 [Worker-35: Building] INFO  o.e.m.c.i.embedder.EclipseLogger - skip non existing resourceDirectory C:\Users\FavioQuinteros\Documents\GitHub\Quinteros-WebEditor\org.xtext.asmetal.parent\org.xtext.asmetal.web\src\test\resources
2021-06-03 14:26:27,793 [Worker-37: Building] INFO  o.e.m.c.i.embedder.EclipseLogger - Using 'windows-1252' encoding to copy filtered resources.
2021-06-03 14:26:27,794 [Worker-37: Building] INFO  o.e.m.c.i.embedder.EclipseLogger - Copying 0 resource
2021-06-03 14:26:27,795 [Worker-37: Building] INFO  o.e.m.c.i.embedder.EclipseLogger - Using 'windows-1252' encoding to copy filtered resources.
2021-06-03 14:26:27,795 [Worker-37: Building] INFO  o.e.m.c.i.embedder.EclipseLogger - skip non existing resourceDirectory C:\Users\FavioQuinteros\Documents\GitHub\Quinteros-WebEditor\org.xtext.asmetal.parent\org.xtext.asmetal.web\src\test\resources
2021-06-03 14:26:34,827 [Worker-39: Launching Executing install in C__Users_FavioQuinteros_Documents_GitHub_Quinteros-WebEditor_org.xtext.asmetal.parent] INFO  o.e.m.i.launch.MavenLaunchDelegate - C:\Users\FavioQuinteros\Documents\GitHub\Quinteros-WebEditor\org.xtext.asmetal.parent
2021-06-03 14:26:34,828 [Worker-39: Launching Executing install in C__Users_FavioQuinteros_Documents_GitHub_Quinteros-WebEditor_org.xtext.asmetal.parent] INFO  o.e.m.i.launch.MavenLaunchDelegate -  mvn -B install
2021-06-03 14:27:39,511 [Worker-38: Building] INFO  o.e.m.c.i.embedder.EclipseLogger - Using 'windows-1252' encoding to copy filtered resources.
2021-06-03 14:27:39,513 [Worker-38: Building] INFO  o.e.m.c.i.embedder.EclipseLogger - Copying 0 resource
2021-06-03 14:27:39,514 [Worker-38: Building] INFO  o.e.m.c.i.embedder.EclipseLogger - Using 'windows-1252' encoding to copy filtered resources.
2021-06-03 14:27:39,515 [Worker-38: Building] INFO  o.e.m.c.i.embedder.EclipseLogger - Copying 0 resource
2021-06-03 14:27:43,443 [Worker-37: Building] INFO  o.e.m.c.i.embedder.EclipseLogger - Using 'windows-1252' encoding to copy filtered resources.
2021-06-03 14:27:43,444 [Worker-37: Building] INFO  o.e.m.c.i.embedder.EclipseLogger - Copying 0 resource
2021-06-03 14:27:43,446 [Worker-37: Building] INFO  o.e.m.c.i.embedder.EclipseLogger - Using 'windows-1252' encoding to copy filtered resources.
2021-06-03 14:27:43,446 [Worker-37: Building] INFO  o.e.m.c.i.embedder.EclipseLogger - Copying 0 resource
2021-06-03 14:27:46,901 [Worker-28: Building] INFO  o.e.m.c.i.embedder.EclipseLogger - Using 'windows-1252' encoding to copy filtered resources.
2021-06-03 14:27:46,903 [Worker-28: Building] INFO  o.e.m.c.i.embedder.EclipseLogger - Copying 0 resource
2021-06-03 14:27:46,905 [Worker-28: Building] INFO  o.e.m.c.i.embedder.EclipseLogger - Using 'windows-1252' encoding to copy filtered resources.
2021-06-03 14:27:46,906 [Worker-28: Building] INFO  o.e.m.c.i.embedder.EclipseLogger - Copying 0 resource
2021-06-03 14:27:46,917 [Worker-28: Building] INFO  o.e.m.c.i.embedder.EclipseLogger - Using 'windows-1252' encoding to copy filtered resources.
2021-06-03 14:27:46,918 [Worker-28: Building] INFO  o.e.m.c.i.embedder.EclipseLogger - Copying 0 resource
2021-06-03 14:27:46,919 [Worker-28: Building] INFO  o.e.m.c.i.embedder.EclipseLogger - Using 'windows-1252' encoding to copy filtered resources.
2021-06-03 14:27:46,920 [Worker-28: Building] INFO  o.e.m.c.i.embedder.EclipseLogger - skip non existing resourceDirectory C:\Users\FavioQuinteros\Documents\GitHub\Quinteros-WebEditor\org.xtext.asmetal.parent\org.xtext.asmetal.ide\src\test\resources
2021-06-03 14:27:48,545 [Worker-34: Building] INFO  o.e.m.c.i.embedder.EclipseLogger - Using 'windows-1252' encoding to copy filtered resources.
2021-06-03 14:27:48,546 [Worker-34: Building] INFO  o.e.m.c.i.embedder.EclipseLogger - Copying 0 resource
2021-06-03 14:27:48,547 [Worker-34: Building] INFO  o.e.m.c.i.embedder.EclipseLogger - Using 'windows-1252' encoding to copy filtered resources.
2021-06-03 14:27:48,548 [Worker-34: Building] INFO  o.e.m.c.i.embedder.EclipseLogger - skip non existing resourceDirectory C:\Users\FavioQuinteros\Documents\GitHub\Quinteros-WebEditor\org.xtext.asmetal.parent\org.xtext.asmetal.ide\src\test\resources
2021-06-03 14:27:48,564 [Worker-34: Building] INFO  o.e.m.c.i.embedder.EclipseLogger - Using 'windows-1252' encoding to copy filtered resources.
2021-06-03 14:27:48,565 [Worker-34: Building] INFO  o.e.m.c.i.embedder.EclipseLogger - Copying 0 resource
2021-06-03 14:27:48,566 [Worker-34: Building] INFO  o.e.m.c.i.embedder.EclipseLogger - Using 'windows-1252' encoding to copy filtered resources.
2021-06-03 14:27:48,567 [Worker-34: Building] INFO  o.e.m.c.i.embedder.EclipseLogger - skip non existing resourceDirectory C:\Users\FavioQuinteros\Documents\GitHub\Quinteros-WebEditor\org.xtext.asmetal.parent\org.xtext.asmetal.web\src\test\resources
2021-06-03 14:27:48,705 [Worker-34: Building] INFO  o.e.m.c.i.embedder.EclipseLogger - Using 'windows-1252' encoding to copy filtered resources.
2021-06-03 14:27:48,706 [Worker-34: Building] INFO  o.e.m.c.i.embedder.EclipseLogger - Copying 0 resource
2021-06-03 14:27:48,708 [Worker-34: Building] INFO  o.e.m.c.i.embedder.EclipseLogger - Using 'windows-1252' encoding to copy filtered resources.
2021-06-03 14:27:48,708 [Worker-34: Building] INFO  o.e.m.c.i.embedder.EclipseLogger - skip non existing resourceDirectory C:\Users\FavioQuinteros\Documents\GitHub\Quinteros-WebEditor\org.xtext.asmetal.parent\org.xtext.asmetal.web\src\test\resources
2021-06-03 14:28:07,639 [main] INFO  o.e.m2e.actions.ExecutePomAction - Using existing launch configuration
2021-06-03 14:28:07,763 [Worker-36: Launching org.xtext.asmetal.web] INFO  o.e.m.i.launch.MavenLaunchDelegate - C:\Users\FavioQuinteros\Documents\GitHub\Quinteros-WebEditor\org.xtext.asmetal.parent\org.xtext.asmetal.web
2021-06-03 14:28:07,763 [Worker-36: Launching org.xtext.asmetal.web] INFO  o.e.m.i.launch.MavenLaunchDelegate -  mvn -B jetty:run
2021-06-03 14:31:43,165 [Worker-36: Building] INFO  o.e.m.c.i.embedder.EclipseLogger - Using 'windows-1252' encoding to copy filtered resources.
2021-06-03 14:31:43,166 [Worker-36: Building] INFO  o.e.m.c.i.embedder.EclipseLogger - Copying 0 resource
2021-06-03 14:31:43,167 [Worker-36: Building] INFO  o.e.m.c.i.embedder.EclipseLogger - Using 'windows-1252' encoding to copy filtered resources.
2021-06-03 14:31:43,168 [Worker-36: Building] INFO  o.e.m.c.i.embedder.EclipseLogger - skip non existing resourceDirectory C:\Users\FavioQuinteros\Documents\GitHub\Quinteros-WebEditor\org.xtext.asmetal.parent\org.xtext.asmetal.web\src\test\resources
2021-06-03 14:31:45,155 [Worker-42: Building] INFO  o.e.m.c.i.embedder.EclipseLogger - Using 'windows-1252' encoding to copy filtered resources.
2021-06-03 14:31:45,156 [Worker-42: Building] INFO  o.e.m.c.i.embedder.EclipseLogger - Copying 0 resource
2021-06-03 14:31:45,157 [Worker-42: Building] INFO  o.e.m.c.i.embedder.EclipseLogger - Using 'windows-1252' encoding to copy filtered resources.
2021-06-03 14:31:45,157 [Worker-42: Building] INFO  o.e.m.c.i.embedder.EclipseLogger - skip non existing resourceDirectory C:\Users\FavioQuinteros\Documents\GitHub\Quinteros-WebEditor\org.xtext.asmetal.parent\org.xtext.asmetal.web\src\test\resources
2021-06-03 14:31:48,528 [Worker-40: Launching Executing install in C__Users_FavioQuinteros_Documents_GitHub_Quinteros-WebEditor_org.xtext.asmetal.parent] INFO  o.e.m.i.launch.MavenLaunchDelegate - C:\Users\FavioQuinteros\Documents\GitHub\Quinteros-WebEditor\org.xtext.asmetal.parent
2021-06-03 14:31:48,528 [Worker-40: Launching Executing install in C__Users_FavioQuinteros_Documents_GitHub_Quinteros-WebEditor_org.xtext.asmetal.parent] INFO  o.e.m.i.launch.MavenLaunchDelegate -  mvn -B install
2021-06-03 14:33:04,275 [Worker-41: Building] INFO  o.e.m.c.i.embedder.EclipseLogger - Using 'windows-1252' encoding to copy filtered resources.
2021-06-03 14:33:04,276 [Worker-41: Building] INFO  o.e.m.c.i.embedder.EclipseLogger - Copying 0 resource
2021-06-03 14:33:04,276 [Worker-41: Building] INFO  o.e.m.c.i.embedder.EclipseLogger - Using 'windows-1252' encoding to copy filtered resources.
2021-06-03 14:33:04,277 [Worker-41: Building] INFO  o.e.m.c.i.embedder.EclipseLogger - Copying 0 resource
2021-06-03 14:33:17,615 [Worker-41: Building] INFO  o.e.m.c.i.embedder.EclipseLogger - Using 'windows-1252' encoding to copy filtered resources.
2021-06-03 14:33:17,616 [Worker-41: Building] INFO  o.e.m.c.i.embedder.EclipseLogger - Copying 0 resource
2021-06-03 14:33:17,621 [Worker-41: Building] INFO  o.e.m.c.i.embedder.EclipseLogger - Using 'windows-1252' encoding to copy filtered resources.
2021-06-03 14:33:17,621 [Worker-41: Building] INFO  o.e.m.c.i.embedder.EclipseLogger - Copying 0 resource
2021-06-03 14:33:20,078 [Worker-40: Building] INFO  o.e.m.c.i.embedder.EclipseLogger - Using 'windows-1252' encoding to copy filtered resources.
2021-06-03 14:33:20,079 [Worker-40: Building] INFO  o.e.m.c.i.embedder.EclipseLogger - Copying 0 resource
2021-06-03 14:33:20,081 [Worker-40: Building] INFO  o.e.m.c.i.embedder.EclipseLogger - Using 'windows-1252' encoding to copy filtered resources.
2021-06-03 14:33:20,082 [Worker-40: Building] INFO  o.e.m.c.i.embedder.EclipseLogger - Copying 0 resource
2021-06-03 14:33:20,090 [Worker-40: Building] INFO  o.e.m.c.i.embedder.EclipseLogger - Using 'windows-1252' encoding to copy filtered resources.
2021-06-03 14:33:20,092 [Worker-40: Building] INFO  o.e.m.c.i.embedder.EclipseLogger - Copying 0 resource
2021-06-03 14:33:20,094 [Worker-40: Building] INFO  o.e.m.c.i.embedder.EclipseLogger - Using 'windows-1252' encoding to copy filtered resources.
2021-06-03 14:33:20,094 [Worker-40: Building] INFO  o.e.m.c.i.embedder.EclipseLogger - skip non existing resourceDirectory C:\Users\FavioQuinteros\Documents\GitHub\Quinteros-WebEditor\org.xtext.asmetal.parent\org.xtext.asmetal.ide\src\test\resources
2021-06-03 14:33:21,561 [Worker-40: Building] INFO  o.e.m.c.i.embedder.EclipseLogger - Using 'windows-1252' encoding to copy filtered resources.
2021-06-03 14:33:21,562 [Worker-40: Building] INFO  o.e.m.c.i.embedder.EclipseLogger - Copying 0 resource
2021-06-03 14:33:21,563 [Worker-40: Building] INFO  o.e.m.c.i.embedder.EclipseLogger - Using 'windows-1252' encoding to copy filtered resources.
2021-06-03 14:33:21,563 [Worker-40: Building] INFO  o.e.m.c.i.embedder.EclipseLogger - skip non existing resourceDirectory C:\Users\FavioQuinteros\Documents\GitHub\Quinteros-WebEditor\org.xtext.asmetal.parent\org.xtext.asmetal.web\src\test\resources
2021-06-03 14:33:21,771 [Worker-40: Building] INFO  o.e.m.c.i.embedder.EclipseLogger - Using 'windows-1252' encoding to copy filtered resources.
2021-06-03 14:33:21,773 [Worker-40: Building] INFO  o.e.m.c.i.embedder.EclipseLogger - Copying 0 resource
2021-06-03 14:33:21,774 [Worker-40: Building] INFO  o.e.m.c.i.embedder.EclipseLogger - Using 'windows-1252' encoding to copy filtered resources.
2021-06-03 14:33:21,774 [Worker-40: Building] INFO  o.e.m.c.i.embedder.EclipseLogger - skip non existing resourceDirectory C:\Users\FavioQuinteros\Documents\GitHub\Quinteros-WebEditor\org.xtext.asmetal.parent\org.xtext.asmetal.ide\src\test\resources
2021-06-03 14:33:21,781 [Worker-40: Building] INFO  o.e.m.c.i.embedder.EclipseLogger - Using 'windows-1252' encoding to copy filtered resources.
2021-06-03 14:33:21,782 [Worker-40: Building] INFO  o.e.m.c.i.embedder.EclipseLogger - Copying 0 resource
2021-06-03 14:33:21,783 [Worker-40: Building] INFO  o.e.m.c.i.embedder.EclipseLogger - Using 'windows-1252' encoding to copy filtered resources.
2021-06-03 14:33:21,783 [Worker-40: Building] INFO  o.e.m.c.i.embedder.EclipseLogger - skip non existing resourceDirectory C:\Users\FavioQuinteros\Documents\GitHub\Quinteros-WebEditor\org.xtext.asmetal.parent\org.xtext.asmetal.web\src\test\resources
2021-06-03 14:33:40,146 [main] INFO  o.e.m2e.actions.ExecutePomAction - Using existing launch configuration
2021-06-03 14:33:40,340 [Worker-42: Launching org.xtext.asmetal.web] INFO  o.e.m.i.launch.MavenLaunchDelegate - C:\Users\FavioQuinteros\Documents\GitHub\Quinteros-WebEditor\org.xtext.asmetal.parent\org.xtext.asmetal.web
2021-06-03 14:33:40,341 [Worker-42: Launching org.xtext.asmetal.web] INFO  o.e.m.i.launch.MavenLaunchDelegate -  mvn -B jetty:run
2021-06-03 14:36:13,657 [Worker-44: Building] INFO  o.e.m.c.i.embedder.EclipseLogger - Using 'windows-1252' encoding to copy filtered resources.
2021-06-03 14:36:13,662 [Worker-44: Building] INFO  o.e.m.c.i.embedder.EclipseLogger - Copying 0 resource
2021-06-03 14:36:13,663 [Worker-44: Building] INFO  o.e.m.c.i.embedder.EclipseLogger - Using 'windows-1252' encoding to copy filtered resources.
2021-06-03 14:36:13,664 [Worker-44: Building] INFO  o.e.m.c.i.embedder.EclipseLogger - skip non existing resourceDirectory C:\Users\FavioQuinteros\Documents\GitHub\Quinteros-WebEditor\org.xtext.asmetal.parent\org.xtext.asmetal.web\src\test\resources
2021-06-03 14:36:14,779 [Worker-42: Building] INFO  o.e.m.c.i.embedder.EclipseLogger - Using 'windows-1252' encoding to copy filtered resources.
2021-06-03 14:36:14,780 [Worker-42: Building] INFO  o.e.m.c.i.embedder.EclipseLogger - Copying 0 resource
2021-06-03 14:36:14,781 [Worker-42: Building] INFO  o.e.m.c.i.embedder.EclipseLogger - Using 'windows-1252' encoding to copy filtered resources.
2021-06-03 14:36:14,781 [Worker-42: Building] INFO  o.e.m.c.i.embedder.EclipseLogger - skip non existing resourceDirectory C:\Users\FavioQuinteros\Documents\GitHub\Quinteros-WebEditor\org.xtext.asmetal.parent\org.xtext.asmetal.web\src\test\resources
2021-06-03 14:36:16,846 [Worker-44: Building] INFO  o.e.m.c.i.embedder.EclipseLogger - Using 'windows-1252' encoding to copy filtered resources.
2021-06-03 14:36:16,848 [Worker-44: Building] INFO  o.e.m.c.i.embedder.EclipseLogger - Copying 0 resource
2021-06-03 14:36:16,849 [Worker-44: Building] INFO  o.e.m.c.i.embedder.EclipseLogger - Using 'windows-1252' encoding to copy filtered resources.
2021-06-03 14:36:16,849 [Worker-44: Building] INFO  o.e.m.c.i.embedder.EclipseLogger - skip non existing resourceDirectory C:\Users\FavioQuinteros\Documents\GitHub\Quinteros-WebEditor\org.xtext.asmetal.parent\org.xtext.asmetal.web\src\test\resources
2021-06-03 14:36:17,902 [Worker-44: Building] INFO  o.e.m.c.i.embedder.EclipseLogger - Using 'windows-1252' encoding to copy filtered resources.
2021-06-03 14:36:17,903 [Worker-44: Building] INFO  o.e.m.c.i.embedder.EclipseLogger - Copying 0 resource
2021-06-03 14:36:17,905 [Worker-44: Building] INFO  o.e.m.c.i.embedder.EclipseLogger - Using 'windows-1252' encoding to copy filtered resources.
2021-06-03 14:36:17,905 [Worker-44: Building] INFO  o.e.m.c.i.embedder.EclipseLogger - skip non existing resourceDirectory C:\Users\FavioQuinteros\Documents\GitHub\Quinteros-WebEditor\org.xtext.asmetal.parent\org.xtext.asmetal.web\src\test\resources
2021-06-03 14:36:49,087 [Worker-46: Building] INFO  o.e.m.c.i.embedder.EclipseLogger - Using 'windows-1252' encoding to copy filtered resources.
2021-06-03 14:36:49,088 [Worker-46: Building] INFO  o.e.m.c.i.embedder.EclipseLogger - Copying 0 resource
2021-06-03 14:36:49,089 [Worker-46: Building] INFO  o.e.m.c.i.embedder.EclipseLogger - Using 'windows-1252' encoding to copy filtered resources.
2021-06-03 14:36:49,090 [Worker-46: Building] INFO  o.e.m.c.i.embedder.EclipseLogger - skip non existing resourceDirectory C:\Users\FavioQuinteros\Documents\GitHub\Quinteros-WebEditor\org.xtext.asmetal.parent\org.xtext.asmetal.web\src\test\resources
2021-06-03 14:36:50,158 [Worker-41: Building] INFO  o.e.m.c.i.embedder.EclipseLogger - Using 'windows-1252' encoding to copy filtered resources.
2021-06-03 14:36:50,159 [Worker-41: Building] INFO  o.e.m.c.i.embedder.EclipseLogger - Copying 0 resource
2021-06-03 14:36:50,160 [Worker-41: Building] INFO  o.e.m.c.i.embedder.EclipseLogger - Using 'windows-1252' encoding to copy filtered resources.
2021-06-03 14:36:50,160 [Worker-41: Building] INFO  o.e.m.c.i.embedder.EclipseLogger - skip non existing resourceDirectory C:\Users\FavioQuinteros\Documents\GitHub\Quinteros-WebEditor\org.xtext.asmetal.parent\org.xtext.asmetal.web\src\test\resources
2021-06-03 14:40:29,057 [main] INFO  o.e.m2e.actions.ExecutePomAction - Using existing launch configuration
2021-06-03 14:40:29,380 [Worker-36: Launching org.xtext.asmetal.web] INFO  o.e.m.i.launch.MavenLaunchDelegate - C:\Users\FavioQuinteros\Documents\GitHub\Quinteros-WebEditor\org.xtext.asmetal.parent\org.xtext.asmetal.web
2021-06-03 14:40:29,380 [Worker-36: Launching org.xtext.asmetal.web] INFO  o.e.m.i.launch.MavenLaunchDelegate -  mvn -B jetty:run
2021-06-03 14:55:22,325 [Worker-47: Building] INFO  o.e.m.c.i.embedder.EclipseLogger - Using 'windows-1252' encoding to copy filtered resources.
2021-06-03 14:55:22,326 [Worker-47: Building] INFO  o.e.m.c.i.embedder.EclipseLogger - Copying 0 resource
2021-06-03 14:55:22,332 [Worker-47: Building] INFO  o.e.m.c.i.embedder.EclipseLogger - Using 'windows-1252' encoding to copy filtered resources.
2021-06-03 14:55:22,332 [Worker-47: Building] INFO  o.e.m.c.i.embedder.EclipseLogger - skip non existing resourceDirectory C:\Users\FavioQuinteros\Documents\GitHub\Quinteros-WebEditor\org.xtext.asmetal.parent\org.xtext.asmetal.web\src\test\resources
2021-06-03 14:55:30,657 [Worker-41: Launching Executing install in C__Users_FavioQuinteros_Documents_GitHub_Quinteros-WebEditor_org.xtext.asmetal.parent] INFO  o.e.m.i.launch.MavenLaunchDelegate - C:\Users\FavioQuinteros\Documents\GitHub\Quinteros-WebEditor\org.xtext.asmetal.parent
2021-06-03 14:55:30,658 [Worker-41: Launching Executing install in C__Users_FavioQuinteros_Documents_GitHub_Quinteros-WebEditor_org.xtext.asmetal.parent] INFO  o.e.m.i.launch.MavenLaunchDelegate -  mvn -B install
2021-06-03 14:56:38,809 [Worker-44: Building] INFO  o.e.m.c.i.embedder.EclipseLogger - Using 'windows-1252' encoding to copy filtered resources.
2021-06-03 14:56:38,812 [Worker-44: Building] INFO  o.e.m.c.i.embedder.EclipseLogger - Copying 0 resource
2021-06-03 14:56:38,815 [Worker-44: Building] INFO  o.e.m.c.i.embedder.EclipseLogger - Using 'windows-1252' encoding to copy filtered resources.
2021-06-03 14:56:38,815 [Worker-44: Building] INFO  o.e.m.c.i.embedder.EclipseLogger - Copying 0 resource
2021-06-03 14:56:41,762 [Worker-48: Building] INFO  o.e.m.c.i.embedder.EclipseLogger - Using 'windows-1252' encoding to copy filtered resources.
2021-06-03 14:56:41,762 [Worker-48: Building] INFO  o.e.m.c.i.embedder.EclipseLogger - Copying 0 resource
2021-06-03 14:56:41,763 [Worker-48: Building] INFO  o.e.m.c.i.embedder.EclipseLogger - Using 'windows-1252' encoding to copy filtered resources.
2021-06-03 14:56:41,763 [Worker-48: Building] INFO  o.e.m.c.i.embedder.EclipseLogger - Copying 0 resource
2021-06-03 14:56:44,160 [Worker-48: Building] INFO  o.e.m.c.i.embedder.EclipseLogger - Using 'windows-1252' encoding to copy filtered resources.
2021-06-03 14:56:44,161 [Worker-48: Building] INFO  o.e.m.c.i.embedder.EclipseLogger - Copying 0 resource
2021-06-03 14:56:44,163 [Worker-48: Building] INFO  o.e.m.c.i.embedder.EclipseLogger - Using 'windows-1252' encoding to copy filtered resources.
2021-06-03 14:56:44,163 [Worker-48: Building] INFO  o.e.m.c.i.embedder.EclipseLogger - Copying 0 resource
2021-06-03 14:56:44,173 [Worker-48: Building] INFO  o.e.m.c.i.embedder.EclipseLogger - Using 'windows-1252' encoding to copy filtered resources.
2021-06-03 14:56:44,174 [Worker-48: Building] INFO  o.e.m.c.i.embedder.EclipseLogger - Copying 0 resource
2021-06-03 14:56:44,175 [Worker-48: Building] INFO  o.e.m.c.i.embedder.EclipseLogger - Using 'windows-1252' encoding to copy filtered resources.
2021-06-03 14:56:44,176 [Worker-48: Building] INFO  o.e.m.c.i.embedder.EclipseLogger - skip non existing resourceDirectory C:\Users\FavioQuinteros\Documents\GitHub\Quinteros-WebEditor\org.xtext.asmetal.parent\org.xtext.asmetal.ide\src\test\resources
2021-06-03 14:56:45,443 [Worker-48: Building] INFO  o.e.m.c.i.embedder.EclipseLogger - Using 'windows-1252' encoding to copy filtered resources.
2021-06-03 14:56:45,444 [Worker-48: Building] INFO  o.e.m.c.i.embedder.EclipseLogger - Copying 0 resource
2021-06-03 14:56:45,445 [Worker-48: Building] INFO  o.e.m.c.i.embedder.EclipseLogger - Using 'windows-1252' encoding to copy filtered resources.
2021-06-03 14:56:45,445 [Worker-48: Building] INFO  o.e.m.c.i.embedder.EclipseLogger - skip non existing resourceDirectory C:\Users\FavioQuinteros\Documents\GitHub\Quinteros-WebEditor\org.xtext.asmetal.parent\org.xtext.asmetal.ide\src\test\resources
2021-06-03 14:56:45,457 [Worker-48: Building] INFO  o.e.m.c.i.embedder.EclipseLogger - Using 'windows-1252' encoding to copy filtered resources.
2021-06-03 14:56:45,458 [Worker-48: Building] INFO  o.e.m.c.i.embedder.EclipseLogger - Copying 0 resource
2021-06-03 14:56:45,459 [Worker-48: Building] INFO  o.e.m.c.i.embedder.EclipseLogger - Using 'windows-1252' encoding to copy filtered resources.
2021-06-03 14:56:45,459 [Worker-48: Building] INFO  o.e.m.c.i.embedder.EclipseLogger - skip non existing resourceDirectory C:\Users\FavioQuinteros\Documents\GitHub\Quinteros-WebEditor\org.xtext.asmetal.parent\org.xtext.asmetal.web\src\test\resources
2021-06-03 14:56:45,582 [Worker-48: Building] INFO  o.e.m.c.i.embedder.EclipseLogger - Using 'windows-1252' encoding to copy filtered resources.
2021-06-03 14:56:45,583 [Worker-48: Building] INFO  o.e.m.c.i.embedder.EclipseLogger - Copying 0 resource
2021-06-03 14:56:45,585 [Worker-48: Building] INFO  o.e.m.c.i.embedder.EclipseLogger - Using 'windows-1252' encoding to copy filtered resources.
2021-06-03 14:56:45,585 [Worker-48: Building] INFO  o.e.m.c.i.embedder.EclipseLogger - skip non existing resourceDirectory C:\Users\FavioQuinteros\Documents\GitHub\Quinteros-WebEditor\org.xtext.asmetal.parent\org.xtext.asmetal.web\src\test\resources
2021-06-03 14:57:07,340 [main] INFO  o.e.m2e.actions.ExecutePomAction - Using existing launch configuration
2021-06-03 14:57:07,452 [Worker-48: Launching org.xtext.asmetal.web] INFO  o.e.m.i.launch.MavenLaunchDelegate - C:\Users\FavioQuinteros\Documents\GitHub\Quinteros-WebEditor\org.xtext.asmetal.parent\org.xtext.asmetal.web
2021-06-03 14:57:07,453 [Worker-48: Launching org.xtext.asmetal.web] INFO  o.e.m.i.launch.MavenLaunchDelegate -  mvn -B jetty:run
2021-06-03 14:58:57,184 [Worker-41: Building] INFO  o.e.m.c.i.embedder.EclipseLogger - Using 'windows-1252' encoding to copy filtered resources.
2021-06-03 14:58:57,190 [Worker-41: Building] INFO  o.e.m.c.i.embedder.EclipseLogger - Copying 0 resource
2021-06-03 14:58:57,191 [Worker-41: Building] INFO  o.e.m.c.i.embedder.EclipseLogger - Using 'windows-1252' encoding to copy filtered resources.
2021-06-03 14:58:57,191 [Worker-41: Building] INFO  o.e.m.c.i.embedder.EclipseLogger - skip non existing resourceDirectory C:\Users\FavioQuinteros\Documents\GitHub\Quinteros-WebEditor\org.xtext.asmetal.parent\org.xtext.asmetal.web\src\test\resources
2021-06-03 14:59:04,262 [Worker-47: Launching Executing generate-sources in C__Users_FavioQuinteros_Documents_GitHub_Quinteros-WebEditor_org.xtext.asmetal.parent] INFO  o.e.m.i.launch.MavenLaunchDelegate - C:\Users\FavioQuinteros\Documents\GitHub\Quinteros-WebEditor\org.xtext.asmetal.parent
2021-06-03 14:59:04,262 [Worker-47: Launching Executing generate-sources in C__Users_FavioQuinteros_Documents_GitHub_Quinteros-WebEditor_org.xtext.asmetal.parent] INFO  o.e.m.i.launch.MavenLaunchDelegate -  mvn -B generate-sources
2021-06-03 14:59:12,655 [Worker-49: Launching Executing install in C__Users_FavioQuinteros_Documents_GitHub_Quinteros-WebEditor_org.xtext.asmetal.parent] INFO  o.e.m.i.launch.MavenLaunchDelegate - C:\Users\FavioQuinteros\Documents\GitHub\Quinteros-WebEditor\org.xtext.asmetal.parent
2021-06-03 14:59:12,655 [Worker-49: Launching Executing install in C__Users_FavioQuinteros_Documents_GitHub_Quinteros-WebEditor_org.xtext.asmetal.parent] INFO  o.e.m.i.launch.MavenLaunchDelegate -  mvn -B install
2021-06-03 15:00:17,880 [Worker-41: Building] INFO  o.e.m.c.i.embedder.EclipseLogger - Using 'windows-1252' encoding to copy filtered resources.
2021-06-03 15:00:17,883 [Worker-41: Building] INFO  o.e.m.c.i.embedder.EclipseLogger - Copying 0 resource
2021-06-03 15:00:17,885 [Worker-41: Building] INFO  o.e.m.c.i.embedder.EclipseLogger - Using 'windows-1252' encoding to copy filtered resources.
2021-06-03 15:00:17,886 [Worker-41: Building] INFO  o.e.m.c.i.embedder.EclipseLogger - Copying 0 resource
2021-06-03 15:00:20,210 [Worker-47: Building] INFO  o.e.m.c.i.embedder.EclipseLogger - Using 'windows-1252' encoding to copy filtered resources.
2021-06-03 15:00:20,210 [Worker-47: Building] INFO  o.e.m.c.i.embedder.EclipseLogger - Copying 0 resource
2021-06-03 15:00:20,211 [Worker-47: Building] INFO  o.e.m.c.i.embedder.EclipseLogger - Using 'windows-1252' encoding to copy filtered resources.
2021-06-03 15:00:20,211 [Worker-47: Building] INFO  o.e.m.c.i.embedder.EclipseLogger - Copying 0 resource
2021-06-03 15:00:22,468 [Worker-36: Building] INFO  o.e.m.c.i.embedder.EclipseLogger - Using 'windows-1252' encoding to copy filtered resources.
2021-06-03 15:00:22,469 [Worker-36: Building] INFO  o.e.m.c.i.embedder.EclipseLogger - Copying 0 resource
2021-06-03 15:00:22,469 [Worker-36: Building] INFO  o.e.m.c.i.embedder.EclipseLogger - Using 'windows-1252' encoding to copy filtered resources.
2021-06-03 15:00:22,470 [Worker-36: Building] INFO  o.e.m.c.i.embedder.EclipseLogger - Copying 0 resource
2021-06-03 15:00:22,476 [Worker-36: Building] INFO  o.e.m.c.i.embedder.EclipseLogger - Using 'windows-1252' encoding to copy filtered resources.
2021-06-03 15:00:22,476 [Worker-36: Building] INFO  o.e.m.c.i.embedder.EclipseLogger - Copying 0 resource
2021-06-03 15:00:22,477 [Worker-36: Building] INFO  o.e.m.c.i.embedder.EclipseLogger - Using 'windows-1252' encoding to copy filtered resources.
2021-06-03 15:00:22,477 [Worker-36: Building] INFO  o.e.m.c.i.embedder.EclipseLogger - skip non existing resourceDirectory C:\Users\FavioQuinteros\Documents\GitHub\Quinteros-WebEditor\org.xtext.asmetal.parent\org.xtext.asmetal.ide\src\test\resources
2021-06-03 15:00:23,632 [Worker-36: Building] INFO  o.e.m.c.i.embedder.EclipseLogger - Using 'windows-1252' encoding to copy filtered resources.
2021-06-03 15:00:23,633 [Worker-36: Building] INFO  o.e.m.c.i.embedder.EclipseLogger - Copying 0 resource
2021-06-03 15:00:23,635 [Worker-36: Building] INFO  o.e.m.c.i.embedder.EclipseLogger - Using 'windows-1252' encoding to copy filtered resources.
2021-06-03 15:00:23,636 [Worker-36: Building] INFO  o.e.m.c.i.embedder.EclipseLogger - skip non existing resourceDirectory C:\Users\FavioQuinteros\Documents\GitHub\Quinteros-WebEditor\org.xtext.asmetal.parent\org.xtext.asmetal.web\src\test\resources
2021-06-03 15:00:23,755 [Worker-36: Building] INFO  o.e.m.c.i.embedder.EclipseLogger - Using 'windows-1252' encoding to copy filtered resources.
2021-06-03 15:00:23,756 [Worker-36: Building] INFO  o.e.m.c.i.embedder.EclipseLogger - Copying 0 resource
2021-06-03 15:00:23,757 [Worker-36: Building] INFO  o.e.m.c.i.embedder.EclipseLogger - Using 'windows-1252' encoding to copy filtered resources.
2021-06-03 15:00:23,758 [Worker-36: Building] INFO  o.e.m.c.i.embedder.EclipseLogger - skip non existing resourceDirectory C:\Users\FavioQuinteros\Documents\GitHub\Quinteros-WebEditor\org.xtext.asmetal.parent\org.xtext.asmetal.ide\src\test\resources
2021-06-03 15:00:23,766 [Worker-36: Building] INFO  o.e.m.c.i.embedder.EclipseLogger - Using 'windows-1252' encoding to copy filtered resources.
2021-06-03 15:00:23,767 [Worker-36: Building] INFO  o.e.m.c.i.embedder.EclipseLogger - Copying 0 resource
2021-06-03 15:00:23,770 [Worker-36: Building] INFO  o.e.m.c.i.embedder.EclipseLogger - Using 'windows-1252' encoding to copy filtered resources.
2021-06-03 15:00:23,770 [Worker-36: Building] INFO  o.e.m.c.i.embedder.EclipseLogger - skip non existing resourceDirectory C:\Users\FavioQuinteros\Documents\GitHub\Quinteros-WebEditor\org.xtext.asmetal.parent\org.xtext.asmetal.web\src\test\resources
2021-06-03 15:01:07,533 [main] INFO  o.e.m2e.actions.ExecutePomAction - Using existing launch configuration
2021-06-03 15:01:07,646 [Worker-51: Launching org.xtext.asmetal.web] INFO  o.e.m.i.launch.MavenLaunchDelegate - C:\Users\FavioQuinteros\Documents\GitHub\Quinteros-WebEditor\org.xtext.asmetal.parent\org.xtext.asmetal.web
2021-06-03 15:01:07,646 [Worker-51: Launching org.xtext.asmetal.web] INFO  o.e.m.i.launch.MavenLaunchDelegate -  mvn -B jetty:run
2021-06-03 15:02:48,260 [Worker-44: Building] INFO  o.e.m.c.i.embedder.EclipseLogger - Using 'windows-1252' encoding to copy filtered resources.
2021-06-03 15:02:48,266 [Worker-44: Building] INFO  o.e.m.c.i.embedder.EclipseLogger - Copying 0 resource
2021-06-03 15:02:48,267 [Worker-44: Building] INFO  o.e.m.c.i.embedder.EclipseLogger - Using 'windows-1252' encoding to copy filtered resources.
2021-06-03 15:02:48,267 [Worker-44: Building] INFO  o.e.m.c.i.embedder.EclipseLogger - skip non existing resourceDirectory C:\Users\FavioQuinteros\Documents\GitHub\Quinteros-WebEditor\org.xtext.asmetal.parent\org.xtext.asmetal.web\src\test\resources
2021-06-03 15:02:55,087 [main] INFO  o.e.m2e.actions.ExecutePomAction - Using existing launch configuration
2021-06-03 15:02:55,217 [Worker-49: Launching org.xtext.asmetal.web] INFO  o.e.m.i.launch.MavenLaunchDelegate - C:\Users\FavioQuinteros\Documents\GitHub\Quinteros-WebEditor\org.xtext.asmetal.parent\org.xtext.asmetal.web
2021-06-03 15:02:55,217 [Worker-49: Launching org.xtext.asmetal.web] INFO  o.e.m.i.launch.MavenLaunchDelegate -  mvn -B jetty:run
